09:33:01.055 [main] INFO  c.bhaskar.basics.BasicsApplication - Starting BasicsApplication using Java 23 with PID 12896 (C:\Users\prata\Desktop\springBoot-basics\basics\target\classes started by prata in C:\Users\prata\Desktop\springBoot-basics\basics)
09:33:01.068 [main] DEBUG c.bhaskar.basics.BasicsApplication - Running with Spring Boot v4.0.3, Spring v7.0.5
09:33:01.070 [main] INFO  c.bhaskar.basics.BasicsApplication - No active profile set, falling back to 1 default profile: "default"
09:33:02.536 [main] INFO  o.s.boot.tomcat.TomcatWebServer - Tomcat initialized with port 8081 (http)
09:33:02.553 [main] INFO  o.a.coyote.http11.Http11NioProtocol - Initializing ProtocolHandler ["http-nio-8081"]
09:33:02.558 [main] INFO  o.a.catalina.core.StandardService - Starting service [Tomcat]
09:33:02.560 [main] INFO  o.a.catalina.core.StandardEngine - Starting Servlet engine: [Apache Tomcat/11.0.18]
09:33:02.619 [main] INFO  o.s.b.w.c.s.WebApplicationContextInitializer - Root WebApplicationContext: initialization completed in 1387 ms
09:33:03.142 [main] INFO  o.a.coyote.http11.Http11NioProtocol - Starting ProtocolHandler ["http-nio-8081"]
09:33:03.170 [main] INFO  o.s.boot.tomcat.TomcatWebServer - Tomcat started on port 8081 (http) with context path '/'
09:33:03.177 [main] INFO  c.bhaskar.basics.BasicsApplication - Started BasicsApplication in 2.977 seconds (process running for 4.114)
09:33:13.256 [http-nio-8081-exec-1] INFO  o.a.c.c.C.[Tomcat].[localhost].[/] - Initializing Spring DispatcherServlet 'dispatcherServlet'
09:33:13.258 [http-nio-8081-exec-1] INFO  o.s.web.servlet.DispatcherServlet - Initializing Servlet 'dispatcherServlet'
09:33:13.261 [http-nio-8081-exec-1] INFO  o.s.web.servlet.DispatcherServlet - Completed initialization in 2 ms
09:33:13.350 [http-nio-8081-exec-1] ERROR com.bhaskar.basics.Controller - 0 nhi beta
09:33:13.351 [http-nio-8081-exec-1] DEBUG com.bhaskar.basics.Controller - not 0
09:33:25.912 [http-nio-8081-exec-5] ERROR com.bhaskar.basics.Controller - 0 nhi beta
09:33:25.913 [http-nio-8081-exec-5] DEBUG com.bhaskar.basics.Controller - not 0
09:33:35.088 [http-nio-8081-exec-3] ERROR com.bhaskar.basics.Controller - 0 nhi beta
09:33:35.089 [http-nio-8081-exec-3] DEBUG com.bhaskar.basics.Controller - not 0
09:33:53.411 [http-nio-8081-exec-4] ERROR com.bhaskar.basics.Controller - 0 nhi beta
09:33:53.411 [http-nio-8081-exec-4] DEBUG com.bhaskar.basics.Controller - not 0
09:33:53.937 [http-nio-8081-exec-6] ERROR com.bhaskar.basics.Controller - 0 nhi beta
09:33:53.938 [http-nio-8081-exec-6] DEBUG com.bhaskar.basics.Controller - not 0
09:33:54.349 [http-nio-8081-exec-2] ERROR com.bhaskar.basics.Controller - 0 nhi beta
09:33:54.349 [http-nio-8081-exec-2] DEBUG com.bhaskar.basics.Controller - not 0
09:33:54.765 [http-nio-8081-exec-9] ERROR com.bhaskar.basics.Controller - 0 nhi beta
09:33:54.765 [http-nio-8081-exec-9] DEBUG com.bhaskar.basics.Controller - not 0
09:33:55.236 [http-nio-8081-exec-8] ERROR com.bhaskar.basics.Controller - 0 nhi beta
09:33:55.236 [http-nio-8081-exec-8] DEBUG com.bhaskar.basics.Controller - not 0
09:33:55.694 [http-nio-8081-exec-7] ERROR com.bhaskar.basics.Controller - 0 nhi beta
09:33:55.695 [http-nio-8081-exec-7] DEBUG com.bhaskar.basics.Controller - not 0
09:33:56.127 [http-nio-8081-exec-10] ERROR com.bhaskar.basics.Controller - 0 nhi beta
09:33:56.127 [http-nio-8081-exec-10] DEBUG com.bhaskar.basics.Controller - not 0
09:33:56.564 [http-nio-8081-exec-1] ERROR com.bhaskar.basics.Controller - 0 nhi beta
09:33:56.564 [http-nio-8081-exec-1] DEBUG com.bhaskar.basics.Controller - not 0
09:33:57.049 [http-nio-8081-exec-5] ERROR com.bhaskar.basics.Controller - 0 nhi beta
09:33:57.050 [http-nio-8081-exec-5] DEBUG com.bhaskar.basics.Controller - not 0
09:33:57.491 [http-nio-8081-exec-3] ERROR com.bhaskar.basics.Controller - 0 nhi beta
09:33:57.491 [http-nio-8081-exec-3] DEBUG com.bhaskar.basics.Controller - not 0
